2024-08-31 20:46:17,897:WARNING:
'cuml' is a soft dependency and not included in the pycaret installation. Please run: `pip install cuml` to install.
2024-08-31 20:46:17,897:WARNING:
'cuml' is a soft dependency and not included in the pycaret installation. Please run: `pip install cuml` to install.
2024-08-31 20:46:17,898:WARNING:
'cuml' is a soft dependency and not included in the pycaret installation. Please run: `pip install cuml` to install.
2024-08-31 20:46:17,898:WARNING:
'cuml' is a soft dependency and not included in the pycaret installation. Please run: `pip install cuml` to install.
2024-08-31 20:46:19,547:INFO:Initializing load_model()
2024-08-31 20:46:19,547:INFO:load_model(model_name=student_performance_api, platform=None, authentication=None, verbose=True)
2024-08-31 20:46:19,714:WARNING:C:\Users\hp\AppData\Local\Programs\Python\Python311\Lib\site-packages\pycaret\internal\pipeline.py:148: UserWarning: Version mismatch:
current: {'deps_info': {'pip': '24.2', 'setuptools': '65.5.0', 'pycaret': '3.3.2', 'IPython': '8.18.1', 'ipywidgets': '8.1.1', 'tqdm': '4.66.1', 'numpy': '1.25.2', 'pandas': '2.0.3', 'jinja2': '3.1.2', 'scipy': '1.11.3', 'joblib': '1.3.2', 'sklearn': '1.4.2', 'pyod': '2.0.1', 'imblearn': '0.12.3', 'category_encoders': '2.6.3', 'lightgbm': '4.5.0', 'numba': '0.58.0', 'requests': '2.31.0', 'matplotlib': '3.7.2', 'scikitplot': '0.3.7', 'yellowbrick': '1.5', 'plotly': '5.18.0', 'plotly-resampler': 'Not installed', 'kaleido': '0.2.1', 'schemdraw': '0.15', 'statsmodels': '0.14.2', 'sktime': '0.26.0', 'tbats': '1.1.3', 'pmdarima': '2.0.4', 'psutil': '5.9.6', 'markupsafe': '2.1.3', 'pickle5': 'Not installed', 'cloudpickle': '3.0.0', 'deprecation': '2.1.0', 'xxhash': '3.5.0', 'wurlitzer': 'Not installed'}, 'python': {'version': '3.11.4', 'machine': 'AMD64'}}
pickle: {'deps_info': {'pip': '24.0', 'setuptools': '69.5.1', 'pycaret': '3.3.2', 'IPython': '8.26.0', 'ipywidgets': '8.1.3', 'tqdm': '4.66.4', 'numpy': '1.26.4', 'pandas': '2.1.4', 'jinja2': '3.1.4', 'scipy': '1.11.4', 'joblib': '1.3.2', 'sklearn': '1.4.2', 'pyod': '2.0.1', 'imblearn': '0.12.3', 'category_encoders': '2.6.3', 'lightgbm': '4.4.0', 'numba': '0.60.0', 'requests': '2.32.3', 'matplotlib': '3.7.5', 'scikitplot': '0.3.7', 'yellowbrick': '1.5', 'plotly': '5.22.0', 'plotly-resampler': 'Not installed', 'kaleido': '0.2.1', 'schemdraw': '0.15', 'statsmodels': '0.14.2', 'sktime': '0.26.0', 'tbats': '1.1.3', 'pmdarima': '2.0.4', 'psutil': '6.0.0', 'markupsafe': '2.1.5', 'pickle5': 'Not installed', 'cloudpickle': '3.0.0', 'deprecation': '2.1.0', 'xxhash': '3.4.1', 'wurlitzer': 'Not installed'}, 'python': {'version': '3.10.14', 'machine': 'AMD64'}}
  warnings.warn(

2024-08-31 20:48:27,332:INFO:Initializing predict_model()
2024-08-31 20:48:27,332:INFO:predict_model(self=<pycaret.classification.oop.ClassificationExperiment object at 0x0000023C3252DD50>, estimator=Pipeline(memory=Memory(location=None),
         steps=[('numerical_imputer',
                 TransformerWrapper(include=['Age', 'StudyTimeWeekly',
                                             'Absences'],
                                    transformer=SimpleImputer())),
                ('categorical_imputer',
                 TransformerWrapper(include=['Gender', 'Ethnicity',
                                             'ParentalEducation', 'Tutoring',
                                             'ParentalSupport',
                                             'Extracurricular', 'Sports',
                                             'Music', 'Volunteering'],
                                    transformer=Simple...
                                                                         'data_type': dtype('float64'),
                                                                         'mapping': 0.0    0
1.0    1
NaN   -1
dtype: int64}]))),
                ('onehot_encoding',
                 TransformerWrapper(include=['Ethnicity', 'ParentalEducation',
                                             'ParentalSupport'],
                                    transformer=OneHotEncoder(cols=['Ethnicity',
                                                                    'ParentalEducation',
                                                                    'ParentalSupport'],
                                                              handle_missing='return_nan',
                                                              use_cat_names=True))),
                ('trained_model',
                 LogisticRegression(max_iter=1000, random_state=123))]), probability_threshold=None, encoded_labels=False, raw_score=False, round=4, verbose=True, ml_usecase=None, preprocess=True, encode_labels=<function _SupervisedExperiment.predict_model.<locals>.encode_labels at 0x0000023C32538CC0>)
2024-08-31 20:48:27,332:INFO:Checking exceptions
2024-08-31 20:48:27,332:INFO:Preloading libraries
2024-08-31 20:48:27,337:INFO:Set up data.
2024-08-31 20:48:27,342:INFO:Set up index.
2024-08-31 22:05:14,297:WARNING:
'cuml' is a soft dependency and not included in the pycaret installation. Please run: `pip install cuml` to install.
2024-08-31 22:05:14,297:WARNING:
'cuml' is a soft dependency and not included in the pycaret installation. Please run: `pip install cuml` to install.
2024-08-31 22:05:14,297:WARNING:
'cuml' is a soft dependency and not included in the pycaret installation. Please run: `pip install cuml` to install.
2024-08-31 22:05:14,297:WARNING:
'cuml' is a soft dependency and not included in the pycaret installation. Please run: `pip install cuml` to install.
2024-08-31 22:05:16,166:INFO:Initializing load_model()
2024-08-31 22:05:16,166:INFO:load_model(model_name=student_performance_api, platform=None, authentication=None, verbose=True)
2024-08-31 22:05:16,230:WARNING:C:\Users\hp\AppData\Local\Programs\Python\Python311\Lib\site-packages\pycaret\internal\pipeline.py:148: UserWarning: Version mismatch:
current: {'deps_info': {'pip': '24.2', 'setuptools': '65.5.0', 'pycaret': '3.3.2', 'IPython': '8.18.1', 'ipywidgets': '8.1.1', 'tqdm': '4.66.1', 'numpy': '1.25.2', 'pandas': '2.0.3', 'jinja2': '3.1.2', 'scipy': '1.11.3', 'joblib': '1.3.2', 'sklearn': '1.4.2', 'pyod': '2.0.1', 'imblearn': '0.12.3', 'category_encoders': '2.6.3', 'lightgbm': '4.5.0', 'numba': '0.58.0', 'requests': '2.31.0', 'matplotlib': '3.7.2', 'scikitplot': '0.3.7', 'yellowbrick': '1.5', 'plotly': '5.18.0', 'plotly-resampler': 'Not installed', 'kaleido': '0.2.1', 'schemdraw': '0.15', 'statsmodels': '0.14.2', 'sktime': '0.26.0', 'tbats': '1.1.3', 'pmdarima': '2.0.4', 'psutil': '5.9.6', 'markupsafe': '2.1.3', 'pickle5': 'Not installed', 'cloudpickle': '3.0.0', 'deprecation': '2.1.0', 'xxhash': '3.5.0', 'wurlitzer': 'Not installed'}, 'python': {'version': '3.11.4', 'machine': 'AMD64'}}
pickle: {'deps_info': {'pip': '24.0', 'setuptools': '69.5.1', 'pycaret': '3.3.2', 'IPython': '8.26.0', 'ipywidgets': '8.1.3', 'tqdm': '4.66.4', 'numpy': '1.26.4', 'pandas': '2.1.4', 'jinja2': '3.1.4', 'scipy': '1.11.4', 'joblib': '1.3.2', 'sklearn': '1.4.2', 'pyod': '2.0.1', 'imblearn': '0.12.3', 'category_encoders': '2.6.3', 'lightgbm': '4.4.0', 'numba': '0.60.0', 'requests': '2.32.3', 'matplotlib': '3.7.5', 'scikitplot': '0.3.7', 'yellowbrick': '1.5', 'plotly': '5.22.0', 'plotly-resampler': 'Not installed', 'kaleido': '0.2.1', 'schemdraw': '0.15', 'statsmodels': '0.14.2', 'sktime': '0.26.0', 'tbats': '1.1.3', 'pmdarima': '2.0.4', 'psutil': '6.0.0', 'markupsafe': '2.1.5', 'pickle5': 'Not installed', 'cloudpickle': '3.0.0', 'deprecation': '2.1.0', 'xxhash': '3.4.1', 'wurlitzer': 'Not installed'}, 'python': {'version': '3.10.14', 'machine': 'AMD64'}}
  warnings.warn(

2024-08-31 22:05:53,364:WARNING:
'cuml' is a soft dependency and not included in the pycaret installation. Please run: `pip install cuml` to install.
2024-08-31 22:05:53,364:WARNING:
'cuml' is a soft dependency and not included in the pycaret installation. Please run: `pip install cuml` to install.
2024-08-31 22:05:53,365:WARNING:
'cuml' is a soft dependency and not included in the pycaret installation. Please run: `pip install cuml` to install.
2024-08-31 22:05:53,368:WARNING:
'cuml' is a soft dependency and not included in the pycaret installation. Please run: `pip install cuml` to install.
2024-08-31 22:05:54,683:INFO:Initializing load_model()
2024-08-31 22:05:54,683:INFO:load_model(model_name=student_performance_api, platform=None, authentication=None, verbose=True)
2024-08-31 22:05:54,714:WARNING:C:\Users\hp\AppData\Local\Programs\Python\Python311\Lib\site-packages\pycaret\internal\pipeline.py:148: UserWarning: Version mismatch:
current: {'deps_info': {'pip': '24.2', 'setuptools': '65.5.0', 'pycaret': '3.3.2', 'IPython': '8.18.1', 'ipywidgets': '8.1.1', 'tqdm': '4.66.1', 'numpy': '1.25.2', 'pandas': '2.0.3', 'jinja2': '3.1.2', 'scipy': '1.11.3', 'joblib': '1.3.2', 'sklearn': '1.4.2', 'pyod': '2.0.1', 'imblearn': '0.12.3', 'category_encoders': '2.6.3', 'lightgbm': '4.5.0', 'numba': '0.58.0', 'requests': '2.31.0', 'matplotlib': '3.7.2', 'scikitplot': '0.3.7', 'yellowbrick': '1.5', 'plotly': '5.18.0', 'plotly-resampler': 'Not installed', 'kaleido': '0.2.1', 'schemdraw': '0.15', 'statsmodels': '0.14.2', 'sktime': '0.26.0', 'tbats': '1.1.3', 'pmdarima': '2.0.4', 'psutil': '5.9.6', 'markupsafe': '2.1.3', 'pickle5': 'Not installed', 'cloudpickle': '3.0.0', 'deprecation': '2.1.0', 'xxhash': '3.5.0', 'wurlitzer': 'Not installed'}, 'python': {'version': '3.11.4', 'machine': 'AMD64'}}
pickle: {'deps_info': {'pip': '24.0', 'setuptools': '69.5.1', 'pycaret': '3.3.2', 'IPython': '8.26.0', 'ipywidgets': '8.1.3', 'tqdm': '4.66.4', 'numpy': '1.26.4', 'pandas': '2.1.4', 'jinja2': '3.1.4', 'scipy': '1.11.4', 'joblib': '1.3.2', 'sklearn': '1.4.2', 'pyod': '2.0.1', 'imblearn': '0.12.3', 'category_encoders': '2.6.3', 'lightgbm': '4.4.0', 'numba': '0.60.0', 'requests': '2.32.3', 'matplotlib': '3.7.5', 'scikitplot': '0.3.7', 'yellowbrick': '1.5', 'plotly': '5.22.0', 'plotly-resampler': 'Not installed', 'kaleido': '0.2.1', 'schemdraw': '0.15', 'statsmodels': '0.14.2', 'sktime': '0.26.0', 'tbats': '1.1.3', 'pmdarima': '2.0.4', 'psutil': '6.0.0', 'markupsafe': '2.1.5', 'pickle5': 'Not installed', 'cloudpickle': '3.0.0', 'deprecation': '2.1.0', 'xxhash': '3.4.1', 'wurlitzer': 'Not installed'}, 'python': {'version': '3.10.14', 'machine': 'AMD64'}}
  warnings.warn(

2024-08-31 22:06:06,429:WARNING:
'cuml' is a soft dependency and not included in the pycaret installation. Please run: `pip install cuml` to install.
2024-08-31 22:06:06,429:WARNING:
'cuml' is a soft dependency and not included in the pycaret installation. Please run: `pip install cuml` to install.
2024-08-31 22:06:06,429:WARNING:
'cuml' is a soft dependency and not included in the pycaret installation. Please run: `pip install cuml` to install.
2024-08-31 22:06:06,429:WARNING:
'cuml' is a soft dependency and not included in the pycaret installation. Please run: `pip install cuml` to install.
2024-08-31 22:06:07,441:INFO:Initializing load_model()
2024-08-31 22:06:07,441:INFO:load_model(model_name=student_performance_api, platform=None, authentication=None, verbose=True)
2024-08-31 22:06:07,473:WARNING:C:\Users\hp\AppData\Local\Programs\Python\Python311\Lib\site-packages\pycaret\internal\pipeline.py:148: UserWarning: Version mismatch:
current: {'deps_info': {'pip': '24.2', 'setuptools': '65.5.0', 'pycaret': '3.3.2', 'IPython': '8.18.1', 'ipywidgets': '8.1.1', 'tqdm': '4.66.1', 'numpy': '1.25.2', 'pandas': '2.0.3', 'jinja2': '3.1.2', 'scipy': '1.11.3', 'joblib': '1.3.2', 'sklearn': '1.4.2', 'pyod': '2.0.1', 'imblearn': '0.12.3', 'category_encoders': '2.6.3', 'lightgbm': '4.5.0', 'numba': '0.58.0', 'requests': '2.31.0', 'matplotlib': '3.7.2', 'scikitplot': '0.3.7', 'yellowbrick': '1.5', 'plotly': '5.18.0', 'plotly-resampler': 'Not installed', 'kaleido': '0.2.1', 'schemdraw': '0.15', 'statsmodels': '0.14.2', 'sktime': '0.26.0', 'tbats': '1.1.3', 'pmdarima': '2.0.4', 'psutil': '5.9.6', 'markupsafe': '2.1.3', 'pickle5': 'Not installed', 'cloudpickle': '3.0.0', 'deprecation': '2.1.0', 'xxhash': '3.5.0', 'wurlitzer': 'Not installed'}, 'python': {'version': '3.11.4', 'machine': 'AMD64'}}
pickle: {'deps_info': {'pip': '24.0', 'setuptools': '69.5.1', 'pycaret': '3.3.2', 'IPython': '8.26.0', 'ipywidgets': '8.1.3', 'tqdm': '4.66.4', 'numpy': '1.26.4', 'pandas': '2.1.4', 'jinja2': '3.1.4', 'scipy': '1.11.4', 'joblib': '1.3.2', 'sklearn': '1.4.2', 'pyod': '2.0.1', 'imblearn': '0.12.3', 'category_encoders': '2.6.3', 'lightgbm': '4.4.0', 'numba': '0.60.0', 'requests': '2.32.3', 'matplotlib': '3.7.5', 'scikitplot': '0.3.7', 'yellowbrick': '1.5', 'plotly': '5.22.0', 'plotly-resampler': 'Not installed', 'kaleido': '0.2.1', 'schemdraw': '0.15', 'statsmodels': '0.14.2', 'sktime': '0.26.0', 'tbats': '1.1.3', 'pmdarima': '2.0.4', 'psutil': '6.0.0', 'markupsafe': '2.1.5', 'pickle5': 'Not installed', 'cloudpickle': '3.0.0', 'deprecation': '2.1.0', 'xxhash': '3.4.1', 'wurlitzer': 'Not installed'}, 'python': {'version': '3.10.14', 'machine': 'AMD64'}}
  warnings.warn(

2024-08-31 22:08:27,417:WARNING:
'cuml' is a soft dependency and not included in the pycaret installation. Please run: `pip install cuml` to install.
2024-08-31 22:08:27,417:WARNING:
'cuml' is a soft dependency and not included in the pycaret installation. Please run: `pip install cuml` to install.
2024-08-31 22:08:27,417:WARNING:
'cuml' is a soft dependency and not included in the pycaret installation. Please run: `pip install cuml` to install.
2024-08-31 22:08:27,417:WARNING:
'cuml' is a soft dependency and not included in the pycaret installation. Please run: `pip install cuml` to install.
2024-08-31 22:08:28,335:INFO:Initializing load_model()
2024-08-31 22:08:28,335:INFO:load_model(model_name=student_performance_api, platform=None, authentication=None, verbose=True)
2024-08-31 22:08:28,350:WARNING:C:\Users\hp\AppData\Local\Programs\Python\Python311\Lib\site-packages\pycaret\internal\pipeline.py:148: UserWarning: Version mismatch:
current: {'deps_info': {'pip': '24.2', 'setuptools': '65.5.0', 'pycaret': '3.3.2', 'IPython': '8.18.1', 'ipywidgets': '8.1.1', 'tqdm': '4.66.1', 'numpy': '1.25.2', 'pandas': '2.0.3', 'jinja2': '3.1.2', 'scipy': '1.11.3', 'joblib': '1.3.2', 'sklearn': '1.4.2', 'pyod': '2.0.1', 'imblearn': '0.12.3', 'category_encoders': '2.6.3', 'lightgbm': '4.5.0', 'numba': '0.58.0', 'requests': '2.31.0', 'matplotlib': '3.7.2', 'scikitplot': '0.3.7', 'yellowbrick': '1.5', 'plotly': '5.18.0', 'plotly-resampler': 'Not installed', 'kaleido': '0.2.1', 'schemdraw': '0.15', 'statsmodels': '0.14.2', 'sktime': '0.26.0', 'tbats': '1.1.3', 'pmdarima': '2.0.4', 'psutil': '5.9.6', 'markupsafe': '2.1.3', 'pickle5': 'Not installed', 'cloudpickle': '3.0.0', 'deprecation': '2.1.0', 'xxhash': '3.5.0', 'wurlitzer': 'Not installed'}, 'python': {'version': '3.11.4', 'machine': 'AMD64'}}
pickle: {'deps_info': {'pip': '24.0', 'setuptools': '69.5.1', 'pycaret': '3.3.2', 'IPython': '8.26.0', 'ipywidgets': '8.1.3', 'tqdm': '4.66.4', 'numpy': '1.26.4', 'pandas': '2.1.4', 'jinja2': '3.1.4', 'scipy': '1.11.4', 'joblib': '1.3.2', 'sklearn': '1.4.2', 'pyod': '2.0.1', 'imblearn': '0.12.3', 'category_encoders': '2.6.3', 'lightgbm': '4.4.0', 'numba': '0.60.0', 'requests': '2.32.3', 'matplotlib': '3.7.5', 'scikitplot': '0.3.7', 'yellowbrick': '1.5', 'plotly': '5.22.0', 'plotly-resampler': 'Not installed', 'kaleido': '0.2.1', 'schemdraw': '0.15', 'statsmodels': '0.14.2', 'sktime': '0.26.0', 'tbats': '1.1.3', 'pmdarima': '2.0.4', 'psutil': '6.0.0', 'markupsafe': '2.1.5', 'pickle5': 'Not installed', 'cloudpickle': '3.0.0', 'deprecation': '2.1.0', 'xxhash': '3.4.1', 'wurlitzer': 'Not installed'}, 'python': {'version': '3.10.14', 'machine': 'AMD64'}}
  warnings.warn(

2024-08-31 22:09:58,352:WARNING:
'cuml' is a soft dependency and not included in the pycaret installation. Please run: `pip install cuml` to install.
2024-08-31 22:09:58,352:WARNING:
'cuml' is a soft dependency and not included in the pycaret installation. Please run: `pip install cuml` to install.
2024-08-31 22:09:58,352:WARNING:
'cuml' is a soft dependency and not included in the pycaret installation. Please run: `pip install cuml` to install.
2024-08-31 22:09:58,352:WARNING:
'cuml' is a soft dependency and not included in the pycaret installation. Please run: `pip install cuml` to install.
2024-08-31 22:09:59,397:INFO:Initializing load_model()
2024-08-31 22:09:59,397:INFO:load_model(model_name=student_performance_api, platform=None, authentication=None, verbose=True)
2024-08-31 22:09:59,429:WARNING:C:\Users\hp\AppData\Local\Programs\Python\Python311\Lib\site-packages\pycaret\internal\pipeline.py:148: UserWarning: Version mismatch:
current: {'deps_info': {'pip': '24.2', 'setuptools': '65.5.0', 'pycaret': '3.3.2', 'IPython': '8.18.1', 'ipywidgets': '8.1.1', 'tqdm': '4.66.1', 'numpy': '1.25.2', 'pandas': '2.0.3', 'jinja2': '3.1.2', 'scipy': '1.11.3', 'joblib': '1.3.2', 'sklearn': '1.4.2', 'pyod': '2.0.1', 'imblearn': '0.12.3', 'category_encoders': '2.6.3', 'lightgbm': '4.5.0', 'numba': '0.58.0', 'requests': '2.31.0', 'matplotlib': '3.7.2', 'scikitplot': '0.3.7', 'yellowbrick': '1.5', 'plotly': '5.18.0', 'plotly-resampler': 'Not installed', 'kaleido': '0.2.1', 'schemdraw': '0.15', 'statsmodels': '0.14.2', 'sktime': '0.26.0', 'tbats': '1.1.3', 'pmdarima': '2.0.4', 'psutil': '5.9.6', 'markupsafe': '2.1.3', 'pickle5': 'Not installed', 'cloudpickle': '3.0.0', 'deprecation': '2.1.0', 'xxhash': '3.5.0', 'wurlitzer': 'Not installed'}, 'python': {'version': '3.11.4', 'machine': 'AMD64'}}
pickle: {'deps_info': {'pip': '24.0', 'setuptools': '69.5.1', 'pycaret': '3.3.2', 'IPython': '8.26.0', 'ipywidgets': '8.1.3', 'tqdm': '4.66.4', 'numpy': '1.26.4', 'pandas': '2.1.4', 'jinja2': '3.1.4', 'scipy': '1.11.4', 'joblib': '1.3.2', 'sklearn': '1.4.2', 'pyod': '2.0.1', 'imblearn': '0.12.3', 'category_encoders': '2.6.3', 'lightgbm': '4.4.0', 'numba': '0.60.0', 'requests': '2.32.3', 'matplotlib': '3.7.5', 'scikitplot': '0.3.7', 'yellowbrick': '1.5', 'plotly': '5.22.0', 'plotly-resampler': 'Not installed', 'kaleido': '0.2.1', 'schemdraw': '0.15', 'statsmodels': '0.14.2', 'sktime': '0.26.0', 'tbats': '1.1.3', 'pmdarima': '2.0.4', 'psutil': '6.0.0', 'markupsafe': '2.1.5', 'pickle5': 'Not installed', 'cloudpickle': '3.0.0', 'deprecation': '2.1.0', 'xxhash': '3.4.1', 'wurlitzer': 'Not installed'}, 'python': {'version': '3.10.14', 'machine': 'AMD64'}}
  warnings.warn(

2024-08-31 22:11:42,170:INFO:Initializing predict_model()
2024-08-31 22:11:42,171:INFO:predict_model(self=<pycaret.classification.oop.ClassificationExperiment object at 0x000001ECA3059B90>, estimator=Pipeline(memory=Memory(location=None),
         steps=[('numerical_imputer',
                 TransformerWrapper(include=['Age', 'StudyTimeWeekly',
                                             'Absences'],
                                    transformer=SimpleImputer())),
                ('categorical_imputer',
                 TransformerWrapper(include=['Gender', 'Ethnicity',
                                             'ParentalEducation', 'Tutoring',
                                             'ParentalSupport',
                                             'Extracurricular', 'Sports',
                                             'Music', 'Volunteering'],
                                    transformer=Simple...
                                                                         'data_type': dtype('float64'),
                                                                         'mapping': 0.0    0
1.0    1
NaN   -1
dtype: int64}]))),
                ('onehot_encoding',
                 TransformerWrapper(include=['Ethnicity', 'ParentalEducation',
                                             'ParentalSupport'],
                                    transformer=OneHotEncoder(cols=['Ethnicity',
                                                                    'ParentalEducation',
                                                                    'ParentalSupport'],
                                                              handle_missing='return_nan',
                                                              use_cat_names=True))),
                ('trained_model',
                 LogisticRegression(max_iter=1000, random_state=123))]), probability_threshold=None, encoded_labels=False, raw_score=False, round=4, verbose=True, ml_usecase=None, preprocess=True, encode_labels=<function _SupervisedExperiment.predict_model.<locals>.encode_labels at 0x000001ECA302F2E0>)
2024-08-31 22:11:42,171:INFO:Checking exceptions
2024-08-31 22:11:42,171:INFO:Preloading libraries
2024-08-31 22:11:42,171:INFO:Set up data.
2024-08-31 22:11:42,178:INFO:Set up index.
2024-08-31 22:13:40,715:INFO:Initializing predict_model()
2024-08-31 22:13:40,715:INFO:predict_model(self=<pycaret.classification.oop.ClassificationExperiment object at 0x000001ECA3051BD0>, estimator=Pipeline(memory=Memory(location=None),
         steps=[('numerical_imputer',
                 TransformerWrapper(include=['Age', 'StudyTimeWeekly',
                                             'Absences'],
                                    transformer=SimpleImputer())),
                ('categorical_imputer',
                 TransformerWrapper(include=['Gender', 'Ethnicity',
                                             'ParentalEducation', 'Tutoring',
                                             'ParentalSupport',
                                             'Extracurricular', 'Sports',
                                             'Music', 'Volunteering'],
                                    transformer=Simple...
                                                                         'data_type': dtype('float64'),
                                                                         'mapping': 0.0    0
1.0    1
NaN   -1
dtype: int64}]))),
                ('onehot_encoding',
                 TransformerWrapper(include=['Ethnicity', 'ParentalEducation',
                                             'ParentalSupport'],
                                    transformer=OneHotEncoder(cols=['Ethnicity',
                                                                    'ParentalEducation',
                                                                    'ParentalSupport'],
                                                              handle_missing='return_nan',
                                                              use_cat_names=True))),
                ('trained_model',
                 LogisticRegression(max_iter=1000, random_state=123))]), probability_threshold=None, encoded_labels=False, raw_score=False, round=4, verbose=True, ml_usecase=None, preprocess=True, encode_labels=<function _SupervisedExperiment.predict_model.<locals>.encode_labels at 0x000001ECA302EF20>)
2024-08-31 22:13:40,716:INFO:Checking exceptions
2024-08-31 22:13:40,716:INFO:Preloading libraries
2024-08-31 22:13:40,716:INFO:Set up data.
2024-08-31 22:13:40,718:INFO:Set up index.
2024-08-31 22:14:33,021:INFO:Initializing predict_model()
2024-08-31 22:14:33,021:INFO:predict_model(self=<pycaret.classification.oop.ClassificationExperiment object at 0x000001ECA3051B90>, estimator=Pipeline(memory=Memory(location=None),
         steps=[('numerical_imputer',
                 TransformerWrapper(include=['Age', 'StudyTimeWeekly',
                                             'Absences'],
                                    transformer=SimpleImputer())),
                ('categorical_imputer',
                 TransformerWrapper(include=['Gender', 'Ethnicity',
                                             'ParentalEducation', 'Tutoring',
                                             'ParentalSupport',
                                             'Extracurricular', 'Sports',
                                             'Music', 'Volunteering'],
                                    transformer=Simple...
                                                                         'data_type': dtype('float64'),
                                                                         'mapping': 0.0    0
1.0    1
NaN   -1
dtype: int64}]))),
                ('onehot_encoding',
                 TransformerWrapper(include=['Ethnicity', 'ParentalEducation',
                                             'ParentalSupport'],
                                    transformer=OneHotEncoder(cols=['Ethnicity',
                                                                    'ParentalEducation',
                                                                    'ParentalSupport'],
                                                              handle_missing='return_nan',
                                                              use_cat_names=True))),
                ('trained_model',
                 LogisticRegression(max_iter=1000, random_state=123))]), probability_threshold=None, encoded_labels=False, raw_score=False, round=4, verbose=True, ml_usecase=None, preprocess=True, encode_labels=<function _SupervisedExperiment.predict_model.<locals>.encode_labels at 0x000001ECA3235260>)
2024-08-31 22:14:33,022:INFO:Checking exceptions
2024-08-31 22:14:33,022:INFO:Preloading libraries
2024-08-31 22:14:33,022:INFO:Set up data.
2024-08-31 22:14:33,025:INFO:Set up index.
2024-08-31 22:14:39,054:INFO:Initializing predict_model()
2024-08-31 22:14:39,054:INFO:predict_model(self=<pycaret.classification.oop.ClassificationExperiment object at 0x000001ECA303D3D0>, estimator=Pipeline(memory=Memory(location=None),
         steps=[('numerical_imputer',
                 TransformerWrapper(include=['Age', 'StudyTimeWeekly',
                                             'Absences'],
                                    transformer=SimpleImputer())),
                ('categorical_imputer',
                 TransformerWrapper(include=['Gender', 'Ethnicity',
                                             'ParentalEducation', 'Tutoring',
                                             'ParentalSupport',
                                             'Extracurricular', 'Sports',
                                             'Music', 'Volunteering'],
                                    transformer=Simple...
                                                                         'data_type': dtype('float64'),
                                                                         'mapping': 0.0    0
1.0    1
NaN   -1
dtype: int64}]))),
                ('onehot_encoding',
                 TransformerWrapper(include=['Ethnicity', 'ParentalEducation',
                                             'ParentalSupport'],
                                    transformer=OneHotEncoder(cols=['Ethnicity',
                                                                    'ParentalEducation',
                                                                    'ParentalSupport'],
                                                              handle_missing='return_nan',
                                                              use_cat_names=True))),
                ('trained_model',
                 LogisticRegression(max_iter=1000, random_state=123))]), probability_threshold=None, encoded_labels=False, raw_score=False, round=4, verbose=True, ml_usecase=None, preprocess=True, encode_labels=<function _SupervisedExperiment.predict_model.<locals>.encode_labels at 0x000001ECA32354E0>)
2024-08-31 22:14:39,054:INFO:Checking exceptions
2024-08-31 22:14:39,054:INFO:Preloading libraries
2024-08-31 22:14:39,055:INFO:Set up data.
2024-08-31 22:14:39,057:INFO:Set up index.
2024-08-31 22:15:27,735:INFO:Initializing predict_model()
2024-08-31 22:15:27,735:INFO:predict_model(self=<pycaret.classification.oop.ClassificationExperiment object at 0x000001ECA33ECA10>, estimator=Pipeline(memory=Memory(location=None),
         steps=[('numerical_imputer',
                 TransformerWrapper(include=['Age', 'StudyTimeWeekly',
                                             'Absences'],
                                    transformer=SimpleImputer())),
                ('categorical_imputer',
                 TransformerWrapper(include=['Gender', 'Ethnicity',
                                             'ParentalEducation', 'Tutoring',
                                             'ParentalSupport',
                                             'Extracurricular', 'Sports',
                                             'Music', 'Volunteering'],
                                    transformer=Simple...
                                                                         'data_type': dtype('float64'),
                                                                         'mapping': 0.0    0
1.0    1
NaN   -1
dtype: int64}]))),
                ('onehot_encoding',
                 TransformerWrapper(include=['Ethnicity', 'ParentalEducation',
                                             'ParentalSupport'],
                                    transformer=OneHotEncoder(cols=['Ethnicity',
                                                                    'ParentalEducation',
                                                                    'ParentalSupport'],
                                                              handle_missing='return_nan',
                                                              use_cat_names=True))),
                ('trained_model',
                 LogisticRegression(max_iter=1000, random_state=123))]), probability_threshold=None, encoded_labels=False, raw_score=False, round=4, verbose=True, ml_usecase=None, preprocess=True, encode_labels=<function _SupervisedExperiment.predict_model.<locals>.encode_labels at 0x000001ECA32351C0>)
2024-08-31 22:15:27,735:INFO:Checking exceptions
2024-08-31 22:15:27,735:INFO:Preloading libraries
2024-08-31 22:15:27,735:INFO:Set up data.
2024-08-31 22:15:27,747:INFO:Set up index.
